{"/Users/yasuradissanayake/Documents/dev/redux/redux-starter/src/math.js": {"path":"/Users/yasuradissanayake/Documents/dev/redux/redux-starter/src/math.js","statementMap":{"0":{"start":{"line":1,"column":22},"end":{"line":3,"column":1}},"1":{"start":{"line":2,"column":4},"end":{"line":2,"column":27}}},"fnMap":{"0":{"name":"(anonymous_0)","decl":{"start":{"line":1,"column":22},"end":{"line":1,"column":23}},"loc":{"start":{"line":1,"column":31},"end":{"line":3,"column":1}},"line":1}},"branchMap":{},"s":{"0":1,"1":2},"f":{"0":2},"b":{},"_coverageSchema":"1a1c01bbd47fc00a2c39e90264f33305004495a9","hash":"a79b45acd180d5dd388c185fa6dfea20aa579e49"}
,"/Users/yasuradissanayake/Documents/dev/redux/redux-starter/src/store/api.js": {"path":"/Users/yasuradissanayake/Documents/dev/redux/redux-starter/src/store/api.js","statementMap":{"0":{"start":{"line":2,"column":28},"end":{"line":2,"column":57}},"1":{"start":{"line":3,"column":30},"end":{"line":3,"column":61}},"2":{"start":{"line":4,"column":29},"end":{"line":4,"column":59}}},"fnMap":{},"branchMap":{},"s":{"0":1,"1":1,"2":1},"f":{},"b":{},"_coverageSchema":"1a1c01bbd47fc00a2c39e90264f33305004495a9","hash":"caa82cacf0e7d946cd711cf1ded0f6ccd2dbf305"}
,"/Users/yasuradissanayake/Documents/dev/redux/redux-starter/src/store/bugs.js": {"path":"/Users/yasuradissanayake/Documents/dev/redux/redux-starter/src/store/bugs.js","statementMap":{"0":{"start":{"line":7,"column":14},"end":{"line":47,"column":2}},"1":{"start":{"line":16,"column":6},"end":{"line":16,"column":26}},"2":{"start":{"line":20,"column":6},"end":{"line":20,"column":33}},"3":{"start":{"line":21,"column":6},"end":{"line":21,"column":27}},"4":{"start":{"line":22,"column":6},"end":{"line":22,"column":34}},"5":{"start":{"line":26,"column":6},"end":{"line":26,"column":27}},"6":{"start":{"line":30,"column":36},"end":{"line":30,"column":50}},"7":{"start":{"line":31,"column":20},"end":{"line":31,"column":64}},"8":{"start":{"line":31,"column":47},"end":{"line":31,"column":63}},"9":{"start":{"line":32,"column":6},"end":{"line":32,"column":39}},"10":{"start":{"line":38,"column":6},"end":{"line":38,"column":37}},"11":{"start":{"line":43,"column":20},"end":{"line":43,"column":76}},"12":{"start":{"line":43,"column":47},"end":{"line":43,"column":75}},"13":{"start":{"line":44,"column":6},"end":{"line":44,"column":39}},"14":{"start":{"line":56,"column":4},"end":{"line":56,"column":17}},"15":{"start":{"line":60,"column":12},"end":{"line":60,"column":19}},"16":{"start":{"line":62,"column":24},"end":{"line":76,"column":1}},"17":{"start":{"line":62,"column":30},"end":{"line":76,"column":1}},"18":{"start":{"line":63,"column":24},"end":{"line":63,"column":48}},"19":{"start":{"line":65,"column":24},"end":{"line":65,"column":67}},"20":{"start":{"line":66,"column":2},"end":{"line":66,"column":33}},"21":{"start":{"line":66,"column":26},"end":{"line":66,"column":33}},"22":{"start":{"line":68,"column":2},"end":{"line":75,"column":4}},"23":{"start":{"line":78,"column":22},"end":{"line":85,"column":4}},"24":{"start":{"line":79,"column":2},"end":{"line":85,"column":4}},"25":{"start":{"line":87,"column":26},"end":{"line":96,"column":4}},"26":{"start":{"line":88,"column":2},"end":{"line":96,"column":4}},"27":{"start":{"line":98,"column":31},"end":{"line":104,"column":4}},"28":{"start":{"line":99,"column":2},"end":{"line":104,"column":4}},"29":{"start":{"line":111,"column":29},"end":{"line":115,"column":3}},"30":{"start":{"line":112,"column":2},"end":{"line":115,"column":3}},"31":{"start":{"line":113,"column":13},"end":{"line":113,"column":32}},"32":{"start":{"line":114,"column":12},"end":{"line":114,"column":53}},"33":{"start":{"line":114,"column":31},"end":{"line":114,"column":52}},"34":{"start":{"line":117,"column":33},"end":{"line":121,"column":1}},"35":{"start":{"line":118,"column":11},"end":{"line":118,"column":30}},"36":{"start":{"line":119,"column":11},"end":{"line":119,"column":34}},"37":{"start":{"line":120,"column":22},"end":{"line":120,"column":60}},"38":{"start":{"line":120,"column":46},"end":{"line":120,"column":59}}},"fnMap":{"0":{"name":"(anonymous_0)","decl":{"start":{"line":15,"column":19},"end":{"line":15,"column":20}},"loc":{"start":{"line":15,"column":37},"end":{"line":17,"column":5}},"line":15},"1":{"name":"(anonymous_1)","decl":{"start":{"line":19,"column":18},"end":{"line":19,"column":19}},"loc":{"start":{"line":19,"column":36},"end":{"line":23,"column":5}},"line":19},"2":{"name":"(anonymous_2)","decl":{"start":{"line":25,"column":23},"end":{"line":25,"column":24}},"loc":{"start":{"line":25,"column":41},"end":{"line":27,"column":5}},"line":25},"3":{"name":"(anonymous_3)","decl":{"start":{"line":29,"column":23},"end":{"line":29,"column":24}},"loc":{"start":{"line":29,"column":41},"end":{"line":33,"column":5}},"line":29},"4":{"name":"(anonymous_4)","decl":{"start":{"line":31,"column":40},"end":{"line":31,"column":41}},"loc":{"start":{"line":31,"column":47},"end":{"line":31,"column":63}},"line":31},"5":{"name":"(anonymous_5)","decl":{"start":{"line":37,"column":14},"end":{"line":37,"column":15}},"loc":{"start":{"line":37,"column":32},"end":{"line":39,"column":5}},"line":37},"6":{"name":"(anonymous_6)","decl":{"start":{"line":42,"column":17},"end":{"line":42,"column":18}},"loc":{"start":{"line":42,"column":35},"end":{"line":45,"column":5}},"line":42},"7":{"name":"(anonymous_7)","decl":{"start":{"line":43,"column":40},"end":{"line":43,"column":41}},"loc":{"start":{"line":43,"column":47},"end":{"line":43,"column":75}},"line":43},"8":{"name":"(anonymous_8)","decl":{"start":{"line":62,"column":24},"end":{"line":62,"column":25}},"loc":{"start":{"line":62,"column":30},"end":{"line":76,"column":1}},"line":62},"9":{"name":"(anonymous_9)","decl":{"start":{"line":62,"column":30},"end":{"line":62,"column":31}},"loc":{"start":{"line":62,"column":54},"end":{"line":76,"column":1}},"line":62},"10":{"name":"(anonymous_10)","decl":{"start":{"line":78,"column":22},"end":{"line":78,"column":23}},"loc":{"start":{"line":79,"column":2},"end":{"line":85,"column":4}},"line":79},"11":{"name":"(anonymous_11)","decl":{"start":{"line":87,"column":26},"end":{"line":87,"column":27}},"loc":{"start":{"line":88,"column":2},"end":{"line":96,"column":4}},"line":88},"12":{"name":"(anonymous_12)","decl":{"start":{"line":98,"column":31},"end":{"line":98,"column":32}},"loc":{"start":{"line":99,"column":2},"end":{"line":104,"column":4}},"line":99},"13":{"name":"(anonymous_13)","decl":{"start":{"line":111,"column":29},"end":{"line":111,"column":30}},"loc":{"start":{"line":112,"column":2},"end":{"line":115,"column":3}},"line":112},"14":{"name":"(anonymous_14)","decl":{"start":{"line":113,"column":4},"end":{"line":113,"column":5}},"loc":{"start":{"line":113,"column":13},"end":{"line":113,"column":32}},"line":113},"15":{"name":"(anonymous_15)","decl":{"start":{"line":114,"column":4},"end":{"line":114,"column":5}},"loc":{"start":{"line":114,"column":12},"end":{"line":114,"column":53}},"line":114},"16":{"name":"(anonymous_16)","decl":{"start":{"line":114,"column":24},"end":{"line":114,"column":25}},"loc":{"start":{"line":114,"column":31},"end":{"line":114,"column":52}},"line":114},"17":{"name":"(anonymous_17)","decl":{"start":{"line":118,"column":2},"end":{"line":118,"column":3}},"loc":{"start":{"line":118,"column":11},"end":{"line":118,"column":30}},"line":118},"18":{"name":"(anonymous_18)","decl":{"start":{"line":119,"column":2},"end":{"line":119,"column":3}},"loc":{"start":{"line":119,"column":11},"end":{"line":119,"column":34}},"line":119},"19":{"name":"(anonymous_19)","decl":{"start":{"line":120,"column":2},"end":{"line":120,"column":3}},"loc":{"start":{"line":120,"column":22},"end":{"line":120,"column":60}},"line":120},"20":{"name":"(anonymous_20)","decl":{"start":{"line":120,"column":39},"end":{"line":120,"column":40}},"loc":{"start":{"line":120,"column":46},"end":{"line":120,"column":59}},"line":120}},"branchMap":{"0":{"loc":{"start":{"line":66,"column":2},"end":{"line":66,"column":33}},"type":"if","locations":[{"start":{"line":66,"column":2},"end":{"line":66,"column":33}},{"start":{},"end":{}}],"line":66}},"s":{"0":1,"1":0,"2":1,"3":1,"4":1,"5":2,"6":0,"7":0,"8":0,"9":0,"10":3,"11":1,"12":1,"13":1,"14":1,"15":1,"16":1,"17":1,"18":1,"19":1,"20":1,"21":0,"22":1,"23":1,"24":4,"25":1,"26":2,"27":1,"28":0,"29":1,"30":0,"31":0,"32":0,"33":0,"34":1,"35":1,"36":1,"37":1,"38":3},"f":{"0":0,"1":1,"2":2,"3":0,"4":0,"5":3,"6":1,"7":1,"8":1,"9":1,"10":4,"11":2,"12":0,"13":0,"14":0,"15":0,"16":0,"17":1,"18":1,"19":1,"20":3},"b":{"0":[0,1]},"_coverageSchema":"1a1c01bbd47fc00a2c39e90264f33305004495a9","hash":"58663ec1ff7ca9b92de689289982ff9979764f82"}
,"/Users/yasuradissanayake/Documents/dev/redux/redux-starter/src/store/configureStore.js": {"path":"/Users/yasuradissanayake/Documents/dev/redux/redux-starter/src/store/configureStore.js","statementMap":{"0":{"start":{"line":9,"column":4},"end":{"line":17,"column":7}}},"fnMap":{"0":{"name":"(anonymous_0)","decl":{"start":{"line":8,"column":15},"end":{"line":8,"column":16}},"loc":{"start":{"line":8,"column":26},"end":{"line":18,"column":3}},"line":8}},"branchMap":{},"s":{"0":6},"f":{"0":6},"b":{},"_coverageSchema":"1a1c01bbd47fc00a2c39e90264f33305004495a9","hash":"77efca8988ff4cd41e2ce7ebb3fa5e4b40ee11a7"}
,"/Users/yasuradissanayake/Documents/dev/redux/redux-starter/src/store/entities.js": {"path":"/Users/yasuradissanayake/Documents/dev/redux/redux-starter/src/store/entities.js","statementMap":{},"fnMap":{},"branchMap":{},"s":{},"f":{},"b":{},"_coverageSchema":"1a1c01bbd47fc00a2c39e90264f33305004495a9","hash":"3703890fe3fd1e6be3bd4adb5d7c3f2aaea8a05c"}
,"/Users/yasuradissanayake/Documents/dev/redux/redux-starter/src/store/projects.js": {"path":"/Users/yasuradissanayake/Documents/dev/redux/redux-starter/src/store/projects.js","statementMap":{"0":{"start":{"line":3,"column":13},"end":{"line":3,"column":14}},"1":{"start":{"line":4,"column":14},"end":{"line":12,"column":2}},"2":{"start":{"line":9,"column":12},"end":{"line":9,"column":76}},"3":{"start":{"line":13,"column":28},"end":{"line":13,"column":41}}},"fnMap":{"0":{"name":"(anonymous_0)","decl":{"start":{"line":8,"column":8},"end":{"line":8,"column":9}},"loc":{"start":{"line":8,"column":35},"end":{"line":10,"column":9}},"line":8}},"branchMap":{},"s":{"0":1,"1":1,"2":0,"3":1},"f":{"0":0},"b":{},"_coverageSchema":"1a1c01bbd47fc00a2c39e90264f33305004495a9","hash":"e0ea5281070b7e5ac4dbf3fec56b567906db9bd2"}
,"/Users/yasuradissanayake/Documents/dev/redux/redux-starter/src/store/reducer.js": {"path":"/Users/yasuradissanayake/Documents/dev/redux/redux-starter/src/store/reducer.js","statementMap":{},"fnMap":{},"branchMap":{},"s":{},"f":{},"b":{},"_coverageSchema":"1a1c01bbd47fc00a2c39e90264f33305004495a9","hash":"aa4dc5c3da8030e36e796091280c84c56fbf3711"}
,"/Users/yasuradissanayake/Documents/dev/redux/redux-starter/src/store/users.js": {"path":"/Users/yasuradissanayake/Documents/dev/redux/redux-starter/src/store/users.js","statementMap":{"0":{"start":{"line":3,"column":13},"end":{"line":3,"column":14}},"1":{"start":{"line":4,"column":14},"end":{"line":12,"column":2}},"2":{"start":{"line":9,"column":12},"end":{"line":9,"column":67}},"3":{"start":{"line":13,"column":27},"end":{"line":13,"column":40}}},"fnMap":{"0":{"name":"(anonymous_0)","decl":{"start":{"line":8,"column":8},"end":{"line":8,"column":9}},"loc":{"start":{"line":8,"column":31},"end":{"line":10,"column":9}},"line":8}},"branchMap":{},"s":{"0":1,"1":1,"2":0,"3":1},"f":{"0":0},"b":{},"_coverageSchema":"1a1c01bbd47fc00a2c39e90264f33305004495a9","hash":"622e401f3802aa441fff8afbaedfdff23953b147"}
,"/Users/yasuradissanayake/Documents/dev/redux/redux-starter/src/store/middleware/api.js": {"path":"/Users/yasuradissanayake/Documents/dev/redux/redux-starter/src/store/middleware/api.js","statementMap":{"0":{"start":{"line":3,"column":12},"end":{"line":28,"column":1}},"1":{"start":{"line":3,"column":26},"end":{"line":28,"column":1}},"2":{"start":{"line":3,"column":33},"end":{"line":28,"column":1}},"3":{"start":{"line":4,"column":4},"end":{"line":4,"column":70}},"4":{"start":{"line":4,"column":50},"end":{"line":4,"column":70}},"5":{"start":{"line":6,"column":65},"end":{"line":6,"column":79}},"6":{"start":{"line":7,"column":4},"end":{"line":7,"column":45}},"7":{"start":{"line":7,"column":18},"end":{"line":7,"column":45}},"8":{"start":{"line":8,"column":4},"end":{"line":8,"column":16}},"9":{"start":{"line":9,"column":4},"end":{"line":26,"column":5}},"10":{"start":{"line":10,"column":24},"end":{"line":15,"column":10}},"11":{"start":{"line":16,"column":8},"end":{"line":16,"column":55}},"12":{"start":{"line":17,"column":8},"end":{"line":19,"column":65}},"13":{"start":{"line":19,"column":12},"end":{"line":19,"column":65}},"14":{"start":{"line":22,"column":8},"end":{"line":22,"column":54}},"15":{"start":{"line":23,"column":8},"end":{"line":25,"column":60}},"16":{"start":{"line":25,"column":12},"end":{"line":25,"column":60}}},"fnMap":{"0":{"name":"(anonymous_0)","decl":{"start":{"line":3,"column":12},"end":{"line":3,"column":13}},"loc":{"start":{"line":3,"column":26},"end":{"line":28,"column":1}},"line":3},"1":{"name":"(anonymous_1)","decl":{"start":{"line":3,"column":26},"end":{"line":3,"column":27}},"loc":{"start":{"line":3,"column":33},"end":{"line":28,"column":1}},"line":3},"2":{"name":"(anonymous_2)","decl":{"start":{"line":3,"column":33},"end":{"line":3,"column":34}},"loc":{"start":{"line":3,"column":47},"end":{"line":28,"column":1}},"line":3}},"branchMap":{"0":{"loc":{"start":{"line":4,"column":4},"end":{"line":4,"column":70}},"type":"if","locations":[{"start":{"line":4,"column":4},"end":{"line":4,"column":70}},{"start":{},"end":{}}],"line":4},"1":{"loc":{"start":{"line":7,"column":4},"end":{"line":7,"column":45}},"type":"if","locations":[{"start":{"line":7,"column":4},"end":{"line":7,"column":45}},{"start":{},"end":{}}],"line":7},"2":{"loc":{"start":{"line":17,"column":8},"end":{"line":19,"column":65}},"type":"if","locations":[{"start":{"line":17,"column":8},"end":{"line":19,"column":65}},{"start":{},"end":{}}],"line":17},"3":{"loc":{"start":{"line":23,"column":8},"end":{"line":25,"column":60}},"type":"if","locations":[{"start":{"line":23,"column":8},"end":{"line":25,"column":60}},{"start":{},"end":{}}],"line":23}},"s":{"0":1,"1":6,"2":6,"3":21,"4":14,"5":7,"6":7,"7":0,"8":7,"9":7,"10":7,"11":5,"12":5,"13":5,"14":2,"15":2,"16":2},"f":{"0":6,"1":6,"2":21},"b":{"0":[14,7],"1":[0,7],"2":[5,0],"3":[2,0]},"_coverageSchema":"1a1c01bbd47fc00a2c39e90264f33305004495a9","hash":"3d627e54e28f4f8a34219a739ccb5aa03a60dde6"}
,"/Users/yasuradissanayake/Documents/dev/redux/redux-starter/src/store/middleware/logger.js": {"path":"/Users/yasuradissanayake/Documents/dev/redux/redux-starter/src/store/middleware/logger.js","statementMap":{"0":{"start":{"line":2,"column":15},"end":{"line":5,"column":3}},"1":{"start":{"line":2,"column":24},"end":{"line":5,"column":3}},"2":{"start":{"line":2,"column":33},"end":{"line":5,"column":3}},"3":{"start":{"line":2,"column":41},"end":{"line":5,"column":3}},"4":{"start":{"line":3,"column":4},"end":{"line":3,"column":24}}},"fnMap":{"0":{"name":"(anonymous_0)","decl":{"start":{"line":2,"column":15},"end":{"line":2,"column":16}},"loc":{"start":{"line":2,"column":24},"end":{"line":5,"column":3}},"line":2},"1":{"name":"(anonymous_1)","decl":{"start":{"line":2,"column":24},"end":{"line":2,"column":25}},"loc":{"start":{"line":2,"column":33},"end":{"line":5,"column":3}},"line":2},"2":{"name":"(anonymous_2)","decl":{"start":{"line":2,"column":33},"end":{"line":2,"column":34}},"loc":{"start":{"line":2,"column":41},"end":{"line":5,"column":3}},"line":2},"3":{"name":"(anonymous_3)","decl":{"start":{"line":2,"column":41},"end":{"line":2,"column":42}},"loc":{"start":{"line":2,"column":51},"end":{"line":5,"column":3}},"line":2}},"branchMap":{},"s":{"0":1,"1":0,"2":0,"3":0,"4":0},"f":{"0":0,"1":0,"2":0,"3":0},"b":{},"_coverageSchema":"1a1c01bbd47fc00a2c39e90264f33305004495a9","hash":"6e2beddd73c3c333c760b2a42355d14200f53b6d"}
,"/Users/yasuradissanayake/Documents/dev/redux/redux-starter/src/store/middleware/toast.js": {"path":"/Users/yasuradissanayake/Documents/dev/redux/redux-starter/src/store/middleware/toast.js","statementMap":{"0":{"start":{"line":1,"column":14},"end":{"line":4,"column":3}},"1":{"start":{"line":1,"column":23},"end":{"line":4,"column":3}},"2":{"start":{"line":1,"column":31},"end":{"line":4,"column":3}},"3":{"start":{"line":2,"column":4},"end":{"line":3,"column":29}},"4":{"start":{"line":2,"column":33},"end":{"line":2,"column":81}},"5":{"start":{"line":3,"column":9},"end":{"line":3,"column":29}}},"fnMap":{"0":{"name":"(anonymous_0)","decl":{"start":{"line":1,"column":14},"end":{"line":1,"column":15}},"loc":{"start":{"line":1,"column":23},"end":{"line":4,"column":3}},"line":1},"1":{"name":"(anonymous_1)","decl":{"start":{"line":1,"column":23},"end":{"line":1,"column":24}},"loc":{"start":{"line":1,"column":31},"end":{"line":4,"column":3}},"line":1},"2":{"name":"(anonymous_2)","decl":{"start":{"line":1,"column":31},"end":{"line":1,"column":32}},"loc":{"start":{"line":1,"column":41},"end":{"line":4,"column":3}},"line":1}},"branchMap":{"0":{"loc":{"start":{"line":2,"column":4},"end":{"line":3,"column":29}},"type":"if","locations":[{"start":{"line":2,"column":4},"end":{"line":3,"column":29}},{"start":{"line":3,"column":9},"end":{"line":3,"column":29}}],"line":2}},"s":{"0":1,"1":6,"2":6,"3":21,"4":0,"5":21},"f":{"0":6,"1":6,"2":21},"b":{"0":[0,21]},"_coverageSchema":"1a1c01bbd47fc00a2c39e90264f33305004495a9","hash":"c759d68e1b94d5a91bcbaa620d04bb30a8139957"}
}
