TN:
SF:src/math.js
FN:1,(anonymous_0)
FNF:1
FNH:1
FNDA:2,(anonymous_0)
DA:1,1
DA:2,2
LF:2
LH:2
BRF:0
BRH:0
end_of_record
TN:
SF:src/store/api.js
FNF:0
FNH:0
DA:2,1
DA:3,1
DA:4,1
LF:3
LH:3
BRF:0
BRH:0
end_of_record
TN:
SF:src/store/bugs.js
FN:15,(anonymous_0)
FN:19,(anonymous_1)
FN:25,(anonymous_2)
FN:29,(anonymous_3)
FN:31,(anonymous_4)
FN:37,(anonymous_5)
FN:42,(anonymous_6)
FN:43,(anonymous_7)
FN:62,(anonymous_8)
FN:62,(anonymous_9)
FN:78,(anonymous_10)
FN:87,(anonymous_11)
FN:98,(anonymous_12)
FN:111,(anonymous_13)
FN:113,(anonymous_14)
FN:114,(anonymous_15)
FN:114,(anonymous_16)
FN:118,(anonymous_17)
FN:119,(anonymous_18)
FN:120,(anonymous_19)
FN:120,(anonymous_20)
FNF:21
FNH:13
FNDA:0,(anonymous_0)
FNDA:1,(anonymous_1)
FNDA:2,(anonymous_2)
FNDA:0,(anonymous_3)
FNDA:0,(anonymous_4)
FNDA:3,(anonymous_5)
FNDA:1,(anonymous_6)
FNDA:1,(anonymous_7)
FNDA:1,(anonymous_8)
FNDA:1,(anonymous_9)
FNDA:4,(anonymous_10)
FNDA:2,(anonymous_11)
FNDA:0,(anonymous_12)
FNDA:0,(anonymous_13)
FNDA:0,(anonymous_14)
FNDA:0,(anonymous_15)
FNDA:0,(anonymous_16)
FNDA:1,(anonymous_17)
FNDA:1,(anonymous_18)
FNDA:1,(anonymous_19)
FNDA:3,(anonymous_20)
DA:7,1
DA:16,0
DA:20,1
DA:21,1
DA:22,1
DA:26,2
DA:30,0
DA:31,0
DA:32,0
DA:38,3
DA:43,1
DA:44,1
DA:56,1
DA:60,1
DA:62,1
DA:63,1
DA:65,1
DA:66,1
DA:68,1
DA:78,1
DA:79,4
DA:87,1
DA:88,2
DA:98,1
DA:99,0
DA:111,1
DA:112,0
DA:113,0
DA:114,0
DA:117,1
DA:118,1
DA:119,1
DA:120,3
LF:33
LH:25
BRDA:66,0,0,0
BRDA:66,0,1,1
BRF:2
BRH:1
end_of_record
TN:
SF:src/store/configureStore.js
FN:8,(anonymous_0)
FNF:1
FNH:1
FNDA:6,(anonymous_0)
DA:9,6
LF:1
LH:1
BRF:0
BRH:0
end_of_record
TN:
SF:src/store/entities.js
FNF:0
FNH:0
LF:0
LH:0
BRF:0
BRH:0
end_of_record
TN:
SF:src/store/projects.js
FN:8,(anonymous_0)
FNF:1
FNH:0
FNDA:0,(anonymous_0)
DA:3,1
DA:4,1
DA:9,0
DA:13,1
LF:4
LH:3
BRF:0
BRH:0
end_of_record
TN:
SF:src/store/reducer.js
FNF:0
FNH:0
LF:0
LH:0
BRF:0
BRH:0
end_of_record
TN:
SF:src/store/users.js
FN:8,(anonymous_0)
FNF:1
FNH:0
FNDA:0,(anonymous_0)
DA:3,1
DA:4,1
DA:9,0
DA:13,1
LF:4
LH:3
BRF:0
BRH:0
end_of_record
TN:
SF:src/store/middleware/api.js
FN:3,(anonymous_0)
FN:3,(anonymous_1)
FN:3,(anonymous_2)
FNF:3
FNH:3
FNDA:6,(anonymous_0)
FNDA:6,(anonymous_1)
FNDA:21,(anonymous_2)
DA:3,6
DA:4,21
DA:6,7
DA:7,7
DA:8,7
DA:9,7
DA:10,7
DA:16,5
DA:17,5
DA:19,5
DA:22,2
DA:23,2
DA:25,2
LF:13
LH:13
BRDA:4,0,0,14
BRDA:4,0,1,7
BRDA:7,1,0,0
BRDA:7,1,1,7
BRDA:17,2,0,5
BRDA:17,2,1,0
BRDA:23,3,0,2
BRDA:23,3,1,0
BRF:8
BRH:5
end_of_record
TN:
SF:src/store/middleware/logger.js
FN:2,(anonymous_0)
FN:2,(anonymous_1)
FN:2,(anonymous_2)
FN:2,(anonymous_3)
FNF:4
FNH:0
FNDA:0,(anonymous_0)
FNDA:0,(anonymous_1)
FNDA:0,(anonymous_2)
FNDA:0,(anonymous_3)
DA:2,1
DA:3,0
LF:2
LH:1
BRF:0
BRH:0
end_of_record
TN:
SF:src/store/middleware/toast.js
FN:1,(anonymous_0)
FN:1,(anonymous_1)
FN:1,(anonymous_2)
FNF:3
FNH:3
FNDA:6,(anonymous_0)
FNDA:6,(anonymous_1)
FNDA:21,(anonymous_2)
DA:1,6
DA:2,21
DA:3,21
LF:3
LH:3
BRDA:2,0,0,0
BRDA:2,0,1,21
BRF:2
BRH:1
end_of_record
